This is pdfTeX, Version 3.14159265-2.6-1.40.21 (MiKTeX 20.12) (preloaded format=pdflatex 2021.1.14)  3 FEB 2021 15:51
entering extended mode
**c:/Users/win10/git/DLNN2020/Homework2/report/main.tex
(c:/Users/win10/git/DLNN2020/Homework2/report/main.tex
LaTeX2e <2020-10-01> patch level 2
L3 programming layer <2020-12-07> xparse <2020-03-03> (D:\Programmi\MiKTeX\tex/latex/base\article.cls
Document Class: article 2020/04/10 v1.4m Standard LaTeX document class
(D:\Programmi\MiKTeX\tex/latex/base\size10.clo
File: size10.clo 2020/04/10 v1.4m Standard LaTeX file (size option)
)
\c@part=\count177
\c@section=\count178
\c@subsection=\count179
\c@subsubsection=\count180
\c@paragraph=\count181
\c@subparagraph=\count182
\c@figure=\count183
\c@table=\count184
\abovecaptionskip=\skip47
\belowcaptionskip=\skip48
\bibindent=\dimen138
) (c:/Users\win10\git\DLNN2020\Homework2\report\Sections/header.tex (D:\Programmi\MiKTeX\tex/latex/base\inputenc.sty
Package: inputenc 2020/08/01 v1.3d Input encoding file
\inpenc@prehook=\toks15
\inpenc@posthook=\toks16
) (D:\Programmi\MiKTeX\tex/latex/hyperref\hyperref.sty
Package: hyperref 2020-05-15 v7.00e Hypertext links for LaTeX
 (D:\Programmi\MiKTeX\tex/generic/ltxcmds\ltxcmds.sty
Package: ltxcmds 2020-05-10 v1.25 LaTeX kernel commands for general use (HO)
) (D:\Programmi\MiKTeX\tex/generic/iftex\iftex.sty
Package: iftex 2020/03/06 v1.0d TeX engine tests
) (D:\Programmi\MiKTeX\tex/generic/pdftexcmds\pdftexcmds.sty
Package: pdftexcmds 2020-06-27 v0.33 Utility functions of pdfTeX for LuaTeX (HO)
 (D:\Programmi\MiKTeX\tex/generic/infwarerr\infwarerr.sty
Package: infwarerr 2019/12/03 v1.5 Providing info/warning/error messages (HO)
)
Package pdftexcmds Info: \pdf@primitive is available.
Package pdftexcmds Info: \pdf@ifprimitive is available.
Package pdftexcmds Info: \pdfdraftmode found.
) (D:\Programmi\MiKTeX\tex/latex/graphics\keyval.sty
Package: keyval 2014/10/28 v1.15 key=value parser (DPC)
\KV@toks@=\toks17
) (D:\Programmi\MiKTeX\tex/generic/kvsetkeys\kvsetkeys.sty
Package: kvsetkeys 2019/12/15 v1.18 Key value parser (HO)
) (D:\Programmi\MiKTeX\tex/generic/kvdefinekeys\kvdefinekeys.sty
Package: kvdefinekeys 2019-12-19 v1.6 Define keys (HO)
) (D:\Programmi\MiKTeX\tex/generic/pdfescape\pdfescape.sty
Package: pdfescape 2019/12/09 v1.15 Implements pdfTeX's escape features (HO)
) (D:\Programmi\MiKTeX\tex/latex/hycolor\hycolor.sty
Package: hycolor 2020-01-27 v1.10 Color options for hyperref/bookmark (HO)
) (D:\Programmi\MiKTeX\tex/latex/letltxmacro\letltxmacro.sty
Package: letltxmacro 2019/12/03 v1.6 Let assignment for LaTeX macros (HO)
) (D:\Programmi\MiKTeX\tex/latex/auxhook\auxhook.sty
Package: auxhook 2019-12-17 v1.6 Hooks for auxiliary files (HO)
) (D:\Programmi\MiKTeX\tex/latex/kvoptions\kvoptions.sty
Package: kvoptions 2020-10-07 v3.14 Key value format for package options (HO)
)
\@linkdim=\dimen139
\Hy@linkcounter=\count185
\Hy@pagecounter=\count186
 (D:\Programmi\MiKTeX\tex/latex/hyperref\pd1enc.def
File: pd1enc.def 2020-05-15 v7.00e Hyperref: PDFDocEncoding definition (HO)
Now handling font encoding PD1 ...
... no UTF-8 mapping file for font encoding PD1
) (D:\Programmi\MiKTeX\tex/generic/intcalc\intcalc.sty
Package: intcalc 2019/12/15 v1.3 Expandable calculations with integers (HO)
) (D:\Programmi\MiKTeX\tex/generic/etexcmds\etexcmds.sty
Package: etexcmds 2019/12/15 v1.7 Avoid name clashes with e-TeX commands (HO)
)
\Hy@SavedSpaceFactor=\count187
Package hyperref Info: Hyper figures OFF on input line 4464.
Package hyperref Info: Link nesting OFF on input line 4469.
Package hyperref Info: Hyper index ON on input line 4472.
Package hyperref Info: Plain pages OFF on input line 4479.
Package hyperref Info: Backreferencing OFF on input line 4484.
Package hyperref Info: Implicit mode ON; LaTeX internals redefined.
Package hyperref Info: Bookmarks ON on input line 4717.
\c@Hy@tempcnt=\count188
 (D:\Programmi\MiKTeX\tex/latex/url\url.sty
\Urlmuskip=\muskip16
Package: url 2013/09/16  ver 3.4  Verb mode for urls, etc.
)
LaTeX Info: Redefining \url on input line 5076.
\XeTeXLinkMargin=\dimen140
 (D:\Programmi\MiKTeX\tex/generic/bitset\bitset.sty
Package: bitset 2019/12/09 v1.3 Handle bit-vector datatype (HO)
 (D:\Programmi\MiKTeX\tex/generic/bigintcalc\bigintcalc.sty
Package: bigintcalc 2019/12/15 v1.5 Expandable calculations on big integers (HO)
))
\Fld@menulength=\count189
\Field@Width=\dimen141
\Fld@charsize=\dimen142
Package hyperref Info: Hyper figures OFF on input line 6347.
Package hyperref Info: Link nesting OFF on input line 6352.
Package hyperref Info: Hyper index ON on input line 6355.
Package hyperref Info: backreferencing OFF on input line 6362.
Package hyperref Info: Link coloring OFF on input line 6367.
Package hyperref Info: Link coloring with OCG OFF on input line 6372.
Package hyperref Info: PDF/A mode OFF on input line 6377.
LaTeX Info: Redefining \ref on input line 6417.
LaTeX Info: Redefining \pageref on input line 6421.
 (D:\Programmi\MiKTeX\tex/latex/base\atbegshi-ltx.sty
Package: atbegshi-ltx 2020/08/17 v1.0a Emulation of the original atbegshi package
with kernel methods
)
\Hy@abspage=\count190
\c@Item=\count191
\c@Hfootnote=\count192
)
Package hyperref Info: Driver (autodetected): hpdftex.
 (D:\Programmi\MiKTeX\tex/latex/hyperref\hpdftex.def
File: hpdftex.def 2020-05-15 v7.00e Hyperref driver for pdfTeX
 (D:\Programmi\MiKTeX\tex/latex/base\atveryend-ltx.sty
Package: atveryend-ltx 2020/08/19 v1.0a Emulation of the original atvery package
with kernel methods
)
\Fld@listcount=\count193
\c@bookmark@seq@number=\count194
 (D:\Programmi\MiKTeX\tex/latex/rerunfilecheck\rerunfilecheck.sty
Package: rerunfilecheck 2019/12/05 v1.9 Rerun checks for auxiliary files (HO)
 (D:\Programmi\MiKTeX\tex/generic/uniquecounter\uniquecounter.sty
Package: uniquecounter 2019/12/15 v1.4 Provide unlimited unique counter (HO)
)
Package uniquecounter Info: New unique counter `rerunfilecheck' on input line 286.
)
\Hy@SectionHShift=\skip49
) (D:\Programmi\MiKTeX\tex/latex/base\fontenc.sty
Package: fontenc 2020/08/10 v2.0s Standard LaTeX package
) (D:\Programmi\MiKTeX\tex/latex/lm\lmodern.sty
Package: lmodern 2009/10/30 v1.6 Latin Modern Fonts
LaTeX Font Info:    Overwriting symbol font `operators' in version `normal'
(Font)                  OT1/cmr/m/n --> OT1/lmr/m/n on input line 22.
LaTeX Font Info:    Overwriting symbol font `letters' in version `normal'
(Font)                  OML/cmm/m/it --> OML/lmm/m/it on input line 23.
LaTeX Font Info:    Overwriting symbol font `symbols' in version `normal'
(Font)                  OMS/cmsy/m/n --> OMS/lmsy/m/n on input line 24.
LaTeX Font Info:    Overwriting symbol font `largesymbols' in version `normal'
(Font)                  OMX/cmex/m/n --> OMX/lmex/m/n on input line 25.
LaTeX Font Info:    Overwriting symbol font `operators' in version `bold'
(Font)                  OT1/cmr/bx/n --> OT1/lmr/bx/n on input line 26.
LaTeX Font Info:    Overwriting symbol font `letters' in version `bold'
(Font)                  OML/cmm/b/it --> OML/lmm/b/it on input line 27.
LaTeX Font Info:    Overwriting symbol font `symbols' in version `bold'
(Font)                  OMS/cmsy/b/n --> OMS/lmsy/b/n on input line 28.
LaTeX Font Info:    Overwriting symbol font `largesymbols' in version `bold'
(Font)                  OMX/cmex/m/n --> OMX/lmex/m/n on input line 29.
LaTeX Font Info:    Overwriting math alphabet `\mathbf' in version `normal'
(Font)                  OT1/cmr/bx/n --> OT1/lmr/bx/n on input line 31.
LaTeX Font Info:    Overwriting math alphabet `\mathsf' in version `normal'
(Font)                  OT1/cmss/m/n --> OT1/lmss/m/n on input line 32.
LaTeX Font Info:    Overwriting math alphabet `\mathit' in version `normal'
(Font)                  OT1/cmr/m/it --> OT1/lmr/m/it on input line 33.
LaTeX Font Info:    Overwriting math alphabet `\mathtt' in version `normal'
(Font)                  OT1/cmtt/m/n --> OT1/lmtt/m/n on input line 34.
LaTeX Font Info:    Overwriting math alphabet `\mathbf' in version `bold'
(Font)                  OT1/cmr/bx/n --> OT1/lmr/bx/n on input line 35.
LaTeX Font Info:    Overwriting math alphabet `\mathsf' in version `bold'
(Font)                  OT1/cmss/bx/n --> OT1/lmss/bx/n on input line 36.
LaTeX Font Info:    Overwriting math alphabet `\mathit' in version `bold'
(Font)                  OT1/cmr/bx/it --> OT1/lmr/bx/it on input line 37.
LaTeX Font Info:    Overwriting math alphabet `\mathtt' in version `bold'
(Font)                  OT1/cmtt/m/n --> OT1/lmtt/m/n on input line 38.
) (D:\Programmi\MiKTeX\tex/latex/layouts\layouts.sty
Package: layouts 2009/09/02 v2.6d graphical depiction of document elements
\l@ylen=\skip50
\layoutsbox=\box47
\l@youtunitlength=\skip51
\l@youtlinethick=\skip52
\l@youtlinethickii=\skip53
\l@ysetupparskip=\skip54
\l@ysetupbaselineskip=\skip55
\l@yonem=\skip56
\l@yonex=\skip57
\l@ylmarg=\skip58
\l@yrmarg=\skip59
\l@yitmindent=\skip60
\l@ylblwidth=\skip61
\l@ylblsep=\skip62
\l@ylparindent=\skip63
\l@ytsep=\skip64
\l@ypskip=\skip65
\l@yptsep=\skip66
\l@ypsep=\skip67
\l@yitmsep=\skip68
\l@ytok=\toks18
\l@youtpw=\count195
\l@youtph=\count196
\l@youthpi=\count197
\l@youthpii=\count198
\l@youthpiii=\count199
\l@youthpiv=\count266
\l@youthpv=\count267
\l@youthpvi=\count268
\l@youthpvii=\count269
\l@youtparskip=\count270
\l@youtvpi=\count271
\l@youtvpii=\count272
\l@youtvpiii=\count273
\l@youtvpiv=\count274
\l@youtvpv=\count275
\l@youtvpvi=\count276
\l@youtvpvii=\count277
\l@youthdo=\count278
\l@youthdi=\count279
\l@youthdii=\count280
\l@youthdiii=\count281
\l@youthdiv=\count282
\l@youthdv=\count283
\l@youthdvi=\count284
\l@youthdvii=\count285
\l@youtvdo=\count286
\l@youtvdi=\count287
\l@youtvdii=\count288
\l@youtvdiii=\count289
\l@youtvdiv=\count290
\l@youtvdv=\count291
\l@youtvdvi=\count292
\l@youtvdvii=\count293
\l@youtvdviii=\count294
\l@youtxci=\count295
\l@youtxcii=\count296
\l@youtxciii=\count297
\l@youtxciv=\count298
\l@youtxcv=\count299
\l@youtxcvi=\count300
\l@youtyci=\count301
\l@youtycii=\count302
\l@youtyciii=\count303
\l@youtyciv=\count304
\l@youtycv=\count305
\l@youtycvi=\count306
\l@youtycvii=\count307
\l@youtycviii=\count308
\l@youtxco=\count309
\l@youtyco=\count310
\l@ytempdima=\skip69
\stockwidth=\skip70
\stockheight=\skip71
\trimedge=\skip72
\trimtop=\skip73
\uppermargin=\skip74
\spinemargin=\skip75
) (D:\Programmi\MiKTeX\tex/generic/babel\babel.sty
Package: babel 2020/10/27 3.51 The Babel package
 (D:\Programmi\MiKTeX\tex/generic/babel\babel.def
File: babel.def 2020/10/27 3.51 Babel common definitions
\babel@savecnt=\count311
\U@D=\dimen143
\l@babelnohyphens=\language79
 (D:\Programmi\MiKTeX\tex/generic/babel\txtbabel.def)
\bbl@readstream=\read2
)
\bbl@dirlevel=\count312

*************************************
* Local config file bblopts.cfg used
*
(D:\Programmi\MiKTeX\tex/latex/arabi\bblopts.cfg
File: bblopts.cfg 2005/09/08 v0.1 add Arabic and Farsi to "declared" options of babel
) (D:\Programmi\MiKTeX\tex/latex/babel-english\english.ldf
Language: english 2017/06/06 v3.3r English support from the babel system
Package babel Info: \l@canadian = using hyphenrules for english
(babel)             (\language0) on input line 102.
Package babel Info: \l@australian = using hyphenrules for ukenglish
(babel)             (\language73) on input line 105.
Package babel Info: \l@newzealand = using hyphenrules for ukenglish
(babel)             (\language73) on input line 108.
)) (D:\Programmi\MiKTeX\tex/latex/microtype\microtype.sty
Package: microtype 2020/12/07 v2.8 Micro-typographical refinements (RS)
\MT@toks=\toks19
\MT@count=\count313
LaTeX Info: Redefining \textls on input line 788.
\MT@outer@kern=\dimen144
LaTeX Info: Redefining \textmicrotypecontext on input line 1358.
\MT@listname@count=\count314
 (D:\Programmi\MiKTeX\tex/latex/microtype\microtype-pdftex.def
File: microtype-pdftex.def 2020/12/07 v2.8 Definitions specific to pdftex (RS)
LaTeX Info: Redefining \lsstyle on input line 915.
LaTeX Info: Redefining \lslig on input line 915.
\MT@outer@space=\skip76
)
Package microtype Info: Loading configuration file microtype.cfg.
 (D:\Programmi\MiKTeX\tex/latex/microtype\microtype.cfg
File: microtype.cfg 2020/12/07 v2.8 microtype main configuration file (RS)
)) (D:\Programmi\MiKTeX\tex/latex/csquotes\csquotes.sty
Package: csquotes 2021-01-04 v5.2k context-sensitive quotations (JAW)
 (D:\Programmi\MiKTeX\tex/latex/etoolbox\etoolbox.sty
Package: etoolbox 2020/10/05 v2.5k e-TeX tools for LaTeX (JAW)
\etb@tempcnta=\count315
)
\csq@reset=\count316
\csq@gtype=\count317
\csq@glevel=\count318
\csq@qlevel=\count319
\csq@maxlvl=\count320
\csq@tshold=\count321
\csq@ltx@everypar=\toks20
 (D:\Programmi\MiKTeX\tex/latex/csquotes\csquotes.def
File: csquotes.def 2021-01-04 v5.2k csquotes generic definitions (JAW)
)
Package csquotes Info: Trying to load configuration file 'csquotes.cfg'...
Package csquotes Info: ... configuration file loaded successfully.
 (D:\Programmi\MiKTeX\tex/latex/csquotes\csquotes.cfg
File: csquotes.cfg 
)) (D:\Programmi\MiKTeX\tex/latex/fancyhdr\fancyhdr.sty
Package: fancyhdr 2021/01/04 v4.0 Extensive control of page headers and footers
\f@nch@headwidth=\skip77
\f@nch@O@elh=\skip78
\f@nch@O@erh=\skip79
\f@nch@O@olh=\skip80
\f@nch@O@orh=\skip81
\f@nch@O@elf=\skip82
\f@nch@O@erf=\skip83
\f@nch@O@olf=\skip84
\f@nch@O@orf=\skip85
) (D:\Programmi\MiKTeX\tex/latex/geometry\geometry.sty
Package: geometry 2020/01/02 v5.9 Page Geometry
 (D:\Programmi\MiKTeX\tex/generic/iftex\ifvtex.sty
Package: ifvtex 2019/10/25 v1.7 ifvtex legacy package. Use iftex instead.
)
\Gm@cnth=\count322
\Gm@cntv=\count323
\c@Gm@tempcnt=\count324
\Gm@bindingoffset=\dimen145
\Gm@wd@mp=\dimen146
\Gm@odd@mp=\dimen147
\Gm@even@mp=\dimen148
\Gm@layoutwidth=\dimen149
\Gm@layoutheight=\dimen150
\Gm@layouthoffset=\dimen151
\Gm@layoutvoffset=\dimen152
\Gm@dimlist=\toks21
 (D:\Programmi\MiKTeX\tex/latex/geometry\geometry.cfg)) (D:\Programmi\MiKTeX\tex/latex/tools\multicol.sty
Package: multicol 2019/12/09 v1.8y multicolumn formatting (FMi)
\c@tracingmulticols=\count325
\mult@box=\box48
\multicol@leftmargin=\dimen153
\c@unbalance=\count326
\c@collectmore=\count327
\doublecol@number=\count328
\multicoltolerance=\count329
\multicolpretolerance=\count330
\full@width=\dimen154
\page@free=\dimen155
\premulticols=\dimen156
\postmulticols=\dimen157
\multicolsep=\skip86
\multicolbaselineskip=\skip87
\partial@page=\box49
\last@line=\box50
\maxbalancingoverflow=\dimen158
\mult@rightbox=\box51
\mult@grightbox=\box52
\mult@gfirstbox=\box53
\mult@firstbox=\box54
\@tempa=\box55
\@tempa=\box56
\@tempa=\box57
\@tempa=\box58
\@tempa=\box59
\@tempa=\box60
\@tempa=\box61
\@tempa=\box62
\@tempa=\box63
\@tempa=\box64
\@tempa=\box65
\@tempa=\box66
\@tempa=\box67
\@tempa=\box68
\@tempa=\box69
\@tempa=\box70
\@tempa=\box71
\@tempa=\box72
\@tempa=\box73
\@tempa=\box74
\@tempa=\box75
\@tempa=\box76
\@tempa=\box77
\@tempa=\box78
\@tempa=\box79
\@tempa=\box80
\@tempa=\box81
\@tempa=\box82
\@tempa=\box83
\@tempa=\box84
\@tempa=\box85
\@tempa=\box86
\@tempa=\box87
\@tempa=\box88
\@tempa=\box89
\@tempa=\box90
\@tempa=\box91
\c@minrows=\count331
\c@columnbadness=\count332
\c@finalcolumnbadness=\count333
\last@try=\dimen159
\multicolovershoot=\dimen160
\multicolundershoot=\dimen161
\mult@nat@firstbox=\box92
\colbreak@box=\box93
\mc@col@check@num=\count334
) (D:\Programmi\MiKTeX\tex/latex/changepage\changepage.sty
Package: changepage 2009/10/20 v1.0c check page and change page layout
\c@cp@cntr=\count335
\cp@tempcnt=\count336
) (D:\Programmi\MiKTeX\tex/latex/physics\physics.sty
Package: physics 
 (D:\Programmi\MiKTeX\tex/latex/l3packages/xparse\xparse.sty (D:\Programmi\MiKTeX\tex/latex/l3kernel\expl3.sty
Package: expl3 2020-12-07 L3 programming layer (loader) 
 (D:\Programmi\MiKTeX\tex/latex/l3backend\l3backend-pdftex.def
File: l3backend-pdftex.def 2020-09-24 L3 backend support: PDF output (pdfTeX)
\l__kernel_color_stack_int=\count337
\l__pdf_internal_box=\box94
))
Package: xparse 2020-10-27 L3 Experimental document command parser
 (D:\Programmi\MiKTeX\tex/latex/l3packages/xparse\xparse-generic.tex)) (D:\Programmi\MiKTeX\tex/latex/amsmath\amsmath.sty
Package: amsmath 2020/09/23 v2.17i AMS math features
\@mathmargin=\skip88

For additional information on amsmath, use the `?' option.
(D:\Programmi\MiKTeX\tex/latex/amsmath\amstext.sty
Package: amstext 2000/06/29 v2.01 AMS text
 (D:\Programmi\MiKTeX\tex/latex/amsmath\amsgen.sty
File: amsgen.sty 1999/11/30 v2.0 generic functions
\@emptytoks=\toks22
\ex@=\dimen162
)) (D:\Programmi\MiKTeX\tex/latex/amsmath\amsbsy.sty
Package: amsbsy 1999/11/29 v1.2d Bold Symbols
\pmbraise@=\dimen163
) (D:\Programmi\MiKTeX\tex/latex/amsmath\amsopn.sty
Package: amsopn 2016/03/08 v2.02 operator names
)
\inf@bad=\count338
LaTeX Info: Redefining \frac on input line 234.
\uproot@=\count339
\leftroot@=\count340
LaTeX Info: Redefining \overline on input line 399.
\classnum@=\count341
\DOTSCASE@=\count342
LaTeX Info: Redefining \ldots on input line 496.
LaTeX Info: Redefining \dots on input line 499.
LaTeX Info: Redefining \cdots on input line 620.
\Mathstrutbox@=\box95
\strutbox@=\box96
\big@size=\dimen164
LaTeX Font Info:    Redeclaring font encoding OML on input line 743.
LaTeX Font Info:    Redeclaring font encoding OMS on input line 744.
\macc@depth=\count343
\c@MaxMatrixCols=\count344
\dotsspace@=\muskip17
\c@parentequation=\count345
\dspbrk@lvl=\count346
\tag@help=\toks23
\row@=\count347
\column@=\count348
\maxfields@=\count349
\andhelp@=\toks24
\eqnshift@=\dimen165
\alignsep@=\dimen166
\tagshift@=\dimen167
\tagwidth@=\dimen168
\totwidth@=\dimen169
\lineht@=\dimen170
\@envbody=\toks25
\multlinegap=\skip89
\multlinetaggap=\skip90
\mathdisplay@stack=\toks26
LaTeX Info: Redefining \[ on input line 2923.
LaTeX Info: Redefining \] on input line 2924.
)) (D:\Programmi\MiKTeX\tex/latex/amsfonts\amssymb.sty
Package: amssymb 2013/01/14 v3.01 AMS font symbols
 (D:\Programmi\MiKTeX\tex/latex/amsfonts\amsfonts.sty
Package: amsfonts 2013/01/14 v3.01 Basic AMSFonts support
\symAMSa=\mathgroup4
\symAMSb=\mathgroup5
LaTeX Font Info:    Redeclaring math symbol \hbar on input line 98.
LaTeX Font Info:    Overwriting math alphabet `\mathfrak' in version `bold'
(Font)                  U/euf/m/n --> U/euf/b/n on input line 106.
)) (D:\Programmi\MiKTeX\tex/latex/biblatex\biblatex.sty
Package: biblatex 2020/08/23 v3.15a programmable bibliographies (PK/MW)
 (D:\Programmi\MiKTeX\tex/latex/logreq\logreq.sty
Package: logreq 2010/08/04 v1.0 xml request logger
\lrq@indent=\count350
 (D:\Programmi\MiKTeX\tex/latex/logreq\logreq.def
File: logreq.def 2010/08/04 v1.0 logreq spec v1.0
)) (D:\Programmi\MiKTeX\tex/latex/base\ifthen.sty
Package: ifthen 2014/09/29 v1.1c Standard LaTeX ifthen package (DPC)
)
\c@tabx@nest=\count351
\c@listtotal=\count352
\c@listcount=\count353
\c@liststart=\count354
\c@liststop=\count355
\c@citecount=\count356
\c@citetotal=\count357
\c@multicitecount=\count358
\c@multicitetotal=\count359
\c@instcount=\count360
\c@maxnames=\count361
\c@minnames=\count362
\c@maxitems=\count363
\c@minitems=\count364
\c@citecounter=\count365
\c@maxcitecounter=\count366
\c@savedcitecounter=\count367
\c@uniquelist=\count368
\c@uniquename=\count369
\c@refsection=\count370
\c@refsegment=\count371
\c@maxextratitle=\count372
\c@maxextratitleyear=\count373
\c@maxextraname=\count374
\c@maxextradate=\count375
\c@maxextraalpha=\count376
\c@abbrvpenalty=\count377
\c@highnamepenalty=\count378
\c@lownamepenalty=\count379
\c@maxparens=\count380
\c@parenlevel=\count381
\blx@tempcnta=\count382
\blx@tempcntb=\count383
\blx@tempcntc=\count384
\blx@maxsection=\count385
\blx@maxsegment@0=\count386
\blx@notetype=\count387
\blx@parenlevel@text=\count388
\blx@parenlevel@foot=\count389
\blx@sectionciteorder@0=\count390
\blx@entrysetcounter=\count391
\blx@biblioinstance=\count392
\labelnumberwidth=\skip91
\labelalphawidth=\skip92
\biblabelsep=\skip93
\bibitemsep=\skip94
\bibnamesep=\skip95
\bibinitsep=\skip96
\bibparsep=\skip97
\bibhang=\skip98
\blx@bcfin=\read3
\blx@bcfout=\write3
\blx@langwohyphens=\language80
\c@mincomprange=\count393
\c@maxcomprange=\count394
\c@mincompwidth=\count395
Package biblatex Info: Trying to load biblatex default data model...
Package biblatex Info: ... file 'blx-dm.def' found.
 (D:\Programmi\MiKTeX\tex/latex/biblatex\blx-dm.def
File: blx-dm.def 2020/08/23 v3.15a biblatex localization (PK/MW)
)
Package biblatex Info: Trying to load biblatex custom data model...
Package biblatex Info: ... file 'biblatex-dm.cfg' not found.
\c@afterword=\count396
\c@savedafterword=\count397
\c@annotator=\count398
\c@savedannotator=\count399
\c@author=\count400
\c@savedauthor=\count401
\c@bookauthor=\count402
\c@savedbookauthor=\count403
\c@commentator=\count404
\c@savedcommentator=\count405
\c@editor=\count406
\c@savededitor=\count407
\c@editora=\count408
\c@savededitora=\count409
\c@editorb=\count410
\c@savededitorb=\count411
\c@editorc=\count412
\c@savededitorc=\count413
\c@foreword=\count414
\c@savedforeword=\count415
\c@holder=\count416
\c@savedholder=\count417
\c@introduction=\count418
\c@savedintroduction=\count419
\c@namea=\count420
\c@savednamea=\count421
\c@nameb=\count422
\c@savednameb=\count423
\c@namec=\count424
\c@savednamec=\count425
\c@translator=\count426
\c@savedtranslator=\count427
\c@shortauthor=\count428
\c@savedshortauthor=\count429
\c@shorteditor=\count430
\c@savedshorteditor=\count431
\c@labelname=\count432
\c@savedlabelname=\count433
\c@institution=\count434
\c@savedinstitution=\count435
\c@lista=\count436
\c@savedlista=\count437
\c@listb=\count438
\c@savedlistb=\count439
\c@listc=\count440
\c@savedlistc=\count441
\c@listd=\count442
\c@savedlistd=\count443
\c@liste=\count444
\c@savedliste=\count445
\c@listf=\count446
\c@savedlistf=\count447
\c@location=\count448
\c@savedlocation=\count449
\c@organization=\count450
\c@savedorganization=\count451
\c@origlocation=\count452
\c@savedoriglocation=\count453
\c@origpublisher=\count454
\c@savedorigpublisher=\count455
\c@publisher=\count456
\c@savedpublisher=\count457
\c@language=\count458
\c@savedlanguage=\count459
\c@origlanguage=\count460
\c@savedoriglanguage=\count461
\c@pageref=\count462
\c@savedpageref=\count463
\shorthandwidth=\skip99
\shortjournalwidth=\skip100
\shortserieswidth=\skip101
\shorttitlewidth=\skip102
\shortauthorwidth=\skip103
\shorteditorwidth=\skip104
\locallabelnumberwidth=\skip105
\locallabelalphawidth=\skip106
\localshorthandwidth=\skip107
\localshortjournalwidth=\skip108
\localshortserieswidth=\skip109
\localshorttitlewidth=\skip110
\localshortauthorwidth=\skip111
\localshorteditorwidth=\skip112
Package biblatex Info: Trying to load compatibility code...
Package biblatex Info: ... file 'blx-compat.def' found.
 (D:\Programmi\MiKTeX\tex/latex/biblatex\blx-compat.def
File: blx-compat.def 2020/08/23 v3.15a biblatex compatibility (PK/MW)
)
Package biblatex Info: expl3
(biblatex)             2020-12-07 L3 programming layer (loader) 
(biblatex)             is new enough (at least 2020/04/06),
(biblatex)             setting 'casechanger=expl3'.
Package biblatex Info: Trying to load expl3 case changing code...
Package biblatex Info: ... file 'blx-case-expl3.def' found.
 (D:\Programmi\MiKTeX\tex/latex/biblatex\blx-case-expl3.def
File: blx-case-expl3 2020/08/23 v3.15a expl3 case changing code for biblatex
)
Package biblatex Info: Trying to load generic definitions...
Package biblatex Info: ... file 'biblatex.def' found.
 (D:\Programmi\MiKTeX\tex/latex/biblatex\biblatex.def
File: biblatex.def 2020/08/23 v3.15a biblatex compatibility (PK/MW)
\c@textcitecount=\count464
\c@textcitetotal=\count465
\c@textcitemaxnames=\count466
\c@biburlbigbreakpenalty=\count467
\c@biburlbreakpenalty=\count468
\c@biburlnumpenalty=\count469
\c@biburlucpenalty=\count470
\c@biburllcpenalty=\count471
\biburlbigskip=\muskip18
\biburlnumskip=\muskip19
\biburlucskip=\muskip20
\biburllcskip=\muskip21
\c@smartand=\count472
)
Package biblatex Info: Trying to load bibliography style 'numeric'...
Package biblatex Info: ... file 'numeric.bbx' found.
 (D:\Programmi\MiKTeX\tex/latex/biblatex/bbx\numeric.bbx
File: numeric.bbx 2020/08/23 v3.15a biblatex bibliography style (PK/MW)
Package biblatex Info: Trying to load bibliography style 'standard'...
Package biblatex Info: ... file 'standard.bbx' found.
 (D:\Programmi\MiKTeX\tex/latex/biblatex/bbx\standard.bbx
File: standard.bbx 2020/08/23 v3.15a biblatex bibliography style (PK/MW)
\c@bbx:relatedcount=\count473
\c@bbx:relatedtotal=\count474
))
Package biblatex Info: Trying to load citation style 'numeric'...
Package biblatex Info: ... file 'numeric.cbx' found.
 (D:\Programmi\MiKTeX\tex/latex/biblatex/cbx\numeric.cbx
File: numeric.cbx 2020/08/23 v3.15a biblatex citation style (PK/MW)
Package biblatex Info: Redefining '\cite'.
Package biblatex Info: Redefining '\parencite'.
Package biblatex Info: Redefining '\footcite'.
Package biblatex Info: Redefining '\footcitetext'.
Package biblatex Info: Redefining '\smartcite'.
Package biblatex Info: Redefining '\supercite'.
Package biblatex Info: Redefining '\textcite'.
Package biblatex Info: Redefining '\textcites'.
Package biblatex Info: Redefining '\cites'.
Package biblatex Info: Redefining '\parencites'.
Package biblatex Info: Redefining '\smartcites'.
)
Package biblatex Info: Trying to load configuration file...
Package biblatex Info: ... file 'biblatex.cfg' found.
 (D:\Programmi\MiKTeX\tex/latex/biblatex\biblatex.cfg
File: biblatex.cfg 
)) (D:\Programmi\MiKTeX\tex/latex/graphics\graphics.sty
Package: graphics 2020/08/30 v1.4c Standard LaTeX Graphics (DPC,SPQR)
 (D:\Programmi\MiKTeX\tex/latex/graphics\trig.sty
Package: trig 2016/01/03 v1.10 sin cos tan (DPC)
) (D:\Programmi\MiKTeX\tex/latex/graphics-cfg\graphics.cfg
File: graphics.cfg 2016/06/04 v1.11 sample graphics configuration
)
Package graphics Info: Driver file: pdftex.def on input line 105.
 (D:\Programmi\MiKTeX\tex/latex/graphics-def\pdftex.def
File: pdftex.def 2020/10/05 v1.2a Graphics/color driver for pdftex
)) (D:\Programmi\MiKTeX\tex/latex/pgfplots\pgfplots.sty (D:\Programmi\MiKTeX\tex/generic/pgfplots\pgfplots.revision.tex)
Package: pgfplots 2020/02/29 v1.17 Data Visualization (1.17)
 (D:\Programmi\MiKTeX\tex/latex/graphics\graphicx.sty
Package: graphicx 2020/09/09 v1.2b Enhanced LaTeX Graphics (DPC,SPQR)
\Gin@req@height=\dimen171
\Gin@req@width=\dimen172
) (D:\Programmi\MiKTeX\tex/latex/pgf/frontendlayer\tikz.sty (D:\Programmi\MiKTeX\tex/latex/pgf/basiclayer\pgf.sty (D:\Programmi\MiKTeX\tex/latex/pgf/utilities\pgfrcs.sty (D:\Programmi\MiKTeX\tex/generic/pgf/utilities\pgfutil-common.tex
\pgfutil@everybye=\toks27
\pgfutil@tempdima=\dimen173
\pgfutil@tempdimb=\dimen174
 (D:\Programmi\MiKTeX\tex/generic/pgf/utilities\pgfutil-common-lists.tex)) (D:\Programmi\MiKTeX\tex/generic/pgf/utilities\pgfutil-latex.def
\pgfutil@abb=\box97
) (D:\Programmi\MiKTeX\tex/generic/pgf/utilities\pgfrcs.code.tex (D:\Programmi\MiKTeX\tex/generic/pgf\pgf.revision.tex)
Package: pgfrcs 2020/12/01 v3.1.7a (3.1.7a)
))
Package: pgf 2020/12/01 v3.1.7a (3.1.7a)
 (D:\Programmi\MiKTeX\tex/latex/pgf/basiclayer\pgfcore.sty (D:\Programmi\MiKTeX\tex/latex/pgf/systemlayer\pgfsys.sty (D:\Programmi\MiKTeX\tex/generic/pgf/systemlayer\pgfsys.code.tex
Package: pgfsys 2020/12/01 v3.1.7a (3.1.7a)
 (D:\Programmi\MiKTeX\tex/generic/pgf/utilities\pgfkeys.code.tex
\pgfkeys@pathtoks=\toks28
\pgfkeys@temptoks=\toks29
 (D:\Programmi\MiKTeX\tex/generic/pgf/utilities\pgfkeysfiltered.code.tex
\pgfkeys@tmptoks=\toks30
))
\pgf@x=\dimen175
\pgf@y=\dimen176
\pgf@xa=\dimen177
\pgf@ya=\dimen178
\pgf@xb=\dimen179
\pgf@yb=\dimen180
\pgf@xc=\dimen181
\pgf@yc=\dimen182
\pgf@xd=\dimen183
\pgf@yd=\dimen184
\w@pgf@writea=\write4
\r@pgf@reada=\read4
\c@pgf@counta=\count475
\c@pgf@countb=\count476
\c@pgf@countc=\count477
\c@pgf@countd=\count478
\t@pgf@toka=\toks31
\t@pgf@tokb=\toks32
\t@pgf@tokc=\toks33
\pgf@sys@id@count=\count479
 (D:\Programmi\MiKTeX\tex/generic/pgf/systemlayer\pgf.cfg
File: pgf.cfg 2020/12/01 v3.1.7a (3.1.7a)
)
Driver file for pgf: pgfsys-pdftex.def
 (D:\Programmi\MiKTeX\tex/generic/pgf/systemlayer\pgfsys-pdftex.def
File: pgfsys-pdftex.def 2020/12/01 v3.1.7a (3.1.7a)
 (D:\Programmi\MiKTeX\tex/generic/pgf/systemlayer\pgfsys-common-pdf.def
File: pgfsys-common-pdf.def 2020/12/01 v3.1.7a (3.1.7a)
))) (D:\Programmi\MiKTeX\tex/generic/pgf/systemlayer\pgfsyssoftpath.code.tex
File: pgfsyssoftpath.code.tex 2020/12/01 v3.1.7a (3.1.7a)
\pgfsyssoftpath@smallbuffer@items=\count480
\pgfsyssoftpath@bigbuffer@items=\count481
) (D:\Programmi\MiKTeX\tex/generic/pgf/systemlayer\pgfsysprotocol.code.tex
File: pgfsysprotocol.code.tex 2020/12/01 v3.1.7a (3.1.7a)
)) (D:\Programmi\MiKTeX\tex/latex/xcolor\xcolor.sty
Package: xcolor 2016/05/11 v2.12 LaTeX color extensions (UK)
 (D:\Programmi\MiKTeX\tex/latex/graphics-cfg\color.cfg
File: color.cfg 2016/01/02 v1.6 sample color configuration
)
Package xcolor Info: Driver file: pdftex.def on input line 225.
Package xcolor Info: Model `cmy' substituted by `cmy0' on input line 1348.
Package xcolor Info: Model `hsb' substituted by `rgb' on input line 1352.
Package xcolor Info: Model `RGB' extended on input line 1364.
Package xcolor Info: Model `HTML' substituted by `rgb' on input line 1366.
Package xcolor Info: Model `Hsb' substituted by `hsb' on input line 1367.
Package xcolor Info: Model `tHsb' substituted by `hsb' on input line 1368.
Package xcolor Info: Model `HSB' substituted by `hsb' on input line 1369.
Package xcolor Info: Model `Gray' substituted by `gray' on input line 1370.
Package xcolor Info: Model `wave' substituted by `hsb' on input line 1371.
) (D:\Programmi\MiKTeX\tex/generic/pgf/basiclayer\pgfcore.code.tex
Package: pgfcore 2020/12/01 v3.1.7a (3.1.7a)
 (D:\Programmi\MiKTeX\tex/generic/pgf/math\pgfmath.code.tex (D:\Programmi\MiKTeX\tex/generic/pgf/math\pgfmathcalc.code.tex (D:\Programmi\MiKTeX\tex/generic/pgf/math\pgfmathutil.code.tex) (D:\Programmi\MiKTeX\tex/generic/pgf/math\pgfmathparser.code.tex
\pgfmath@dimen=\dimen185
\pgfmath@count=\count482
\pgfmath@box=\box98
\pgfmath@toks=\toks34
\pgfmath@stack@operand=\toks35
\pgfmath@stack@operation=\toks36
) (D:\Programmi\MiKTeX\tex/generic/pgf/math\pgfmathfunctions.code.tex (D:\Programmi\MiKTeX\tex/generic/pgf/math\pgfmathfunctions.basic.code.tex) (D:\Programmi\MiKTeX\tex/generic/pgf/math\pgfmathfunctions.trigonometric.code.tex) (D:\Programmi\MiKTeX\tex/generic/pgf/math\pgfmathfunctions.random.code.tex) (D:\Programmi\MiKTeX\tex/generic/pgf/math\pgfmathfunctions.comparison.code.tex) (D:\Programmi\MiKTeX\tex/generic/pgf/math\pgfmathfunctions.base.code.tex) (D:\Programmi\MiKTeX\tex/generic/pgf/math\pgfmathfunctions.round.code.tex) (D:\Programmi\MiKTeX\tex/generic/pgf/math\pgfmathfunctions.misc.code.tex) (D:\Programmi\MiKTeX\tex/generic/pgf/math\pgfmathfunctions.integerarithmetics.code.tex))) (D:\Programmi\MiKTeX\tex/generic/pgf/math\pgfmathfloat.code.tex
\c@pgfmathroundto@lastzeros=\count483
)) (D:\Programmi\MiKTeX\tex/generic/pgf/math\pgfint.code.tex) (D:\Programmi\MiKTeX\tex/generic/pgf/basiclayer\pgfcorepoints.code.tex
File: pgfcorepoints.code.tex 2020/12/01 v3.1.7a (3.1.7a)
\pgf@picminx=\dimen186
\pgf@picmaxx=\dimen187
\pgf@picminy=\dimen188
\pgf@picmaxy=\dimen189
\pgf@pathminx=\dimen190
\pgf@pathmaxx=\dimen191
\pgf@pathminy=\dimen192
\pgf@pathmaxy=\dimen193
\pgf@xx=\dimen194
\pgf@xy=\dimen195
\pgf@yx=\dimen196
\pgf@yy=\dimen197
\pgf@zx=\dimen198
\pgf@zy=\dimen199
) (D:\Programmi\MiKTeX\tex/generic/pgf/basiclayer\pgfcorepathconstruct.code.tex
File: pgfcorepathconstruct.code.tex 2020/12/01 v3.1.7a (3.1.7a)
\pgf@path@lastx=\dimen256
\pgf@path@lasty=\dimen257
) (D:\Programmi\MiKTeX\tex/generic/pgf/basiclayer\pgfcorepathusage.code.tex
File: pgfcorepathusage.code.tex 2020/12/01 v3.1.7a (3.1.7a)
\pgf@shorten@end@additional=\dimen258
\pgf@shorten@start@additional=\dimen259
) (D:\Programmi\MiKTeX\tex/generic/pgf/basiclayer\pgfcorescopes.code.tex
File: pgfcorescopes.code.tex 2020/12/01 v3.1.7a (3.1.7a)
\pgfpic=\box99
\pgf@hbox=\box100
\pgf@layerbox@main=\box101
\pgf@picture@serial@count=\count484
) (D:\Programmi\MiKTeX\tex/generic/pgf/basiclayer\pgfcoregraphicstate.code.tex
File: pgfcoregraphicstate.code.tex 2020/12/01 v3.1.7a (3.1.7a)
\pgflinewidth=\dimen260
) (D:\Programmi\MiKTeX\tex/generic/pgf/basiclayer\pgfcoretransformations.code.tex
File: pgfcoretransformations.code.tex 2020/12/01 v3.1.7a (3.1.7a)
\pgf@pt@x=\dimen261
\pgf@pt@y=\dimen262
\pgf@pt@temp=\dimen263
) (D:\Programmi\MiKTeX\tex/generic/pgf/basiclayer\pgfcorequick.code.tex
File: pgfcorequick.code.tex 2020/12/01 v3.1.7a (3.1.7a)
) (D:\Programmi\MiKTeX\tex/generic/pgf/basiclayer\pgfcoreobjects.code.tex
File: pgfcoreobjects.code.tex 2020/12/01 v3.1.7a (3.1.7a)
) (D:\Programmi\MiKTeX\tex/generic/pgf/basiclayer\pgfcorepathprocessing.code.tex
File: pgfcorepathprocessing.code.tex 2020/12/01 v3.1.7a (3.1.7a)
) (D:\Programmi\MiKTeX\tex/generic/pgf/basiclayer\pgfcorearrows.code.tex
File: pgfcorearrows.code.tex 2020/12/01 v3.1.7a (3.1.7a)
\pgfarrowsep=\dimen264
) (D:\Programmi\MiKTeX\tex/generic/pgf/basiclayer\pgfcoreshade.code.tex
File: pgfcoreshade.code.tex 2020/12/01 v3.1.7a (3.1.7a)
\pgf@max=\dimen265
\pgf@sys@shading@range@num=\count485
\pgf@shadingcount=\count486
) (D:\Programmi\MiKTeX\tex/generic/pgf/basiclayer\pgfcoreimage.code.tex
File: pgfcoreimage.code.tex 2020/12/01 v3.1.7a (3.1.7a)
 (D:\Programmi\MiKTeX\tex/generic/pgf/basiclayer\pgfcoreexternal.code.tex
File: pgfcoreexternal.code.tex 2020/12/01 v3.1.7a (3.1.7a)
\pgfexternal@startupbox=\box102
)) (D:\Programmi\MiKTeX\tex/generic/pgf/basiclayer\pgfcorelayers.code.tex
File: pgfcorelayers.code.tex 2020/12/01 v3.1.7a (3.1.7a)
) (D:\Programmi\MiKTeX\tex/generic/pgf/basiclayer\pgfcoretransparency.code.tex
File: pgfcoretransparency.code.tex 2020/12/01 v3.1.7a (3.1.7a)
) (D:\Programmi\MiKTeX\tex/generic/pgf/basiclayer\pgfcorepatterns.code.tex
File: pgfcorepatterns.code.tex 2020/12/01 v3.1.7a (3.1.7a)
) (D:\Programmi\MiKTeX\tex/generic/pgf/basiclayer\pgfcorerdf.code.tex
File: pgfcorerdf.code.tex 2020/12/01 v3.1.7a (3.1.7a)
))) (D:\Programmi\MiKTeX\tex/generic/pgf/modules\pgfmoduleshapes.code.tex
File: pgfmoduleshapes.code.tex 2020/12/01 v3.1.7a (3.1.7a)
\pgfnodeparttextbox=\box103
) (D:\Programmi\MiKTeX\tex/generic/pgf/modules\pgfmoduleplot.code.tex
File: pgfmoduleplot.code.tex 2020/12/01 v3.1.7a (3.1.7a)
) (D:\Programmi\MiKTeX\tex/latex/pgf/compatibility\pgfcomp-version-0-65.sty
Package: pgfcomp-version-0-65 2020/12/01 v3.1.7a (3.1.7a)
\pgf@nodesepstart=\dimen266
\pgf@nodesepend=\dimen267
) (D:\Programmi\MiKTeX\tex/latex/pgf/compatibility\pgfcomp-version-1-18.sty
Package: pgfcomp-version-1-18 2020/12/01 v3.1.7a (3.1.7a)
)) (D:\Programmi\MiKTeX\tex/latex/pgf/utilities\pgffor.sty (D:\Programmi\MiKTeX\tex/latex/pgf/utilities\pgfkeys.sty (D:\Programmi\MiKTeX\tex/generic/pgf/utilities\pgfkeys.code.tex)) (D:\Programmi\MiKTeX\tex/latex/pgf/math\pgfmath.sty (D:\Programmi\MiKTeX\tex/generic/pgf/math\pgfmath.code.tex)) (D:\Programmi\MiKTeX\tex/generic/pgf/utilities\pgffor.code.tex
Package: pgffor 2020/12/01 v3.1.7a (3.1.7a)
 (D:\Programmi\MiKTeX\tex/generic/pgf/math\pgfmath.code.tex)
\pgffor@iter=\dimen268
\pgffor@skip=\dimen269
\pgffor@stack=\toks37
\pgffor@toks=\toks38
)) (D:\Programmi\MiKTeX\tex/generic/pgf/frontendlayer/tikz\tikz.code.tex
Package: tikz 2020/12/01 v3.1.7a (3.1.7a)
 (D:\Programmi\MiKTeX\tex/generic/pgf/libraries\pgflibraryplothandlers.code.tex
File: pgflibraryplothandlers.code.tex 2020/12/01 v3.1.7a (3.1.7a)
\pgf@plot@mark@count=\count487
\pgfplotmarksize=\dimen270
)
\tikz@lastx=\dimen271
\tikz@lasty=\dimen272
\tikz@lastxsaved=\dimen273
\tikz@lastysaved=\dimen274
\tikz@lastmovetox=\dimen275
\tikz@lastmovetoy=\dimen276
\tikzleveldistance=\dimen277
\tikzsiblingdistance=\dimen278
\tikz@figbox=\box104
\tikz@figbox@bg=\box105
\tikz@tempbox=\box106
\tikz@tempbox@bg=\box107
\tikztreelevel=\count488
\tikznumberofchildren=\count489
\tikznumberofcurrentchild=\count490
\tikz@fig@count=\count491
 (D:\Programmi\MiKTeX\tex/generic/pgf/modules\pgfmodulematrix.code.tex
File: pgfmodulematrix.code.tex 2020/12/01 v3.1.7a (3.1.7a)
\pgfmatrixcurrentrow=\count492
\pgfmatrixcurrentcolumn=\count493
\pgf@matrix@numberofcolumns=\count494
)
\tikz@expandcount=\count495
 (D:\Programmi\MiKTeX\tex/generic/pgf/frontendlayer/tikz/libraries\tikzlibrarytopaths.code.tex
File: tikzlibrarytopaths.code.tex 2020/12/01 v3.1.7a (3.1.7a)
))) (D:\Programmi\MiKTeX\tex/generic/pgfplots\pgfplots.code.tex (D:\Programmi\MiKTeX\tex/generic/pgfplots\pgfplotscore.code.tex
\t@pgfplots@toka=\toks39
\t@pgfplots@tokb=\toks40
\t@pgfplots@tokc=\toks41
\pgfplots@tmpa=\dimen279
\c@pgfplots@coordindex=\count496
\c@pgfplots@scanlineindex=\count497
 (D:\Programmi\MiKTeX\tex/generic/pgfplots/sys\pgfplotssysgeneric.code.tex)) (D:\Programmi\MiKTeX\tex/generic/pgfplots/libs\pgfplotslibrary.code.tex) (D:\Programmi\MiKTeX\tex/generic/pgfplots/oldpgfcompatib\pgfplotsoldpgfsupp_loader.code.tex (D:\Programmi\MiKTeX\tex/generic/pgf/libraries\pgflibraryfpu.code.tex)) (D:\Programmi\MiKTeX\tex/generic/pgfplots/util\pgfplotsutil.code.tex (D:\Programmi\MiKTeX\tex/generic/pgfplots/liststructure\pgfplotsliststructure.code.tex) (D:\Programmi\MiKTeX\tex/generic/pgfplots/liststructure\pgfplotsliststructureext.code.tex) (D:\Programmi\MiKTeX\tex/generic/pgfplots/liststructure\pgfplotsarray.code.tex
\c@pgfplotsarray@tmp=\count498
) (D:\Programmi\MiKTeX\tex/generic/pgfplots/liststructure\pgfplotsmatrix.code.tex) (D:\Programmi\MiKTeX\tex/generic/pgfplots/numtable\pgfplotstableshared.code.tex
\c@pgfplotstable@counta=\count499
\t@pgfplotstable@a=\toks42
) (D:\Programmi\MiKTeX\tex/generic/pgfplots/liststructure\pgfplotsdeque.code.tex) (D:\Programmi\MiKTeX\tex/generic/pgfplots/util\pgfplotsbinary.code.tex (D:\Programmi\MiKTeX\tex/generic/pgfplots/util\pgfplotsbinary.data.code.tex)) (D:\Programmi\MiKTeX\tex/generic/pgfplots/util\pgfplotsutil.verb.code.tex) (D:\Programmi\MiKTeX\tex/generic/pgfplots/libs\pgflibrarypgfplots.surfshading.code.tex
\c@pgfplotslibrarysurf@no=\count500
 (D:\Programmi\MiKTeX\tex/generic/pgfplots/sys\pgflibrarypgfplots.surfshading.pgfsys-pdftex.def))) (D:\Programmi\MiKTeX\tex/generic/pgfplots/util\pgfplotscolormap.code.tex (D:\Programmi\MiKTeX\tex/generic/pgfplots/util\pgfplotscolor.code.tex)) (D:\Programmi\MiKTeX\tex/generic/pgfplots\pgfplotsstackedplots.code.tex) (D:\Programmi\MiKTeX\tex/generic/pgfplots\pgfplotsplothandlers.code.tex (D:\Programmi\MiKTeX\tex/generic/pgfplots\pgfplotsmeshplothandler.code.tex (D:\Programmi\MiKTeX\tex/generic/pgfplots\pgfplotsmeshplotimage.code.tex))) (D:\Programmi\MiKTeX\tex/generic/pgfplots\pgfplots.scaling.code.tex) (D:\Programmi\MiKTeX\tex/generic/pgfplots\pgfplotscoordprocessing.code.tex) (D:\Programmi\MiKTeX\tex/generic/pgfplots\pgfplots.errorbars.code.tex) (D:\Programmi\MiKTeX\tex/generic/pgfplots\pgfplots.markers.code.tex) (D:\Programmi\MiKTeX\tex/generic/pgfplots\pgfplotsticks.code.tex) (D:\Programmi\MiKTeX\tex/generic/pgfplots\pgfplots.paths.code.tex) (D:\Programmi\MiKTeX\tex/generic/pgf/frontendlayer/tikz/libraries\tikzlibrarydecorations.code.tex (D:\Programmi\MiKTeX\tex/generic/pgf/modules\pgfmoduledecorations.code.tex
\pgfdecoratedcompleteddistance=\dimen280
\pgfdecoratedremainingdistance=\dimen281
\pgfdecoratedinputsegmentcompleteddistance=\dimen282
\pgfdecoratedinputsegmentremainingdistance=\dimen283
\pgf@decorate@distancetomove=\dimen284
\pgf@decorate@repeatstate=\count501
\pgfdecorationsegmentamplitude=\dimen285
\pgfdecorationsegmentlength=\dimen286
)
\tikz@lib@dec@box=\box108
) (D:\Programmi\MiKTeX\tex/generic/pgf/frontendlayer/tikz/libraries\tikzlibrarydecorations.pathmorphing.code.tex (D:\Programmi\MiKTeX\tex/generic/pgf/libraries/decorations\pgflibrarydecorations.pathmorphing.code.tex)) (D:\Programmi\MiKTeX\tex/generic/pgf/frontendlayer/tikz/libraries\tikzlibrarydecorations.pathreplacing.code.tex (D:\Programmi\MiKTeX\tex/generic/pgf/libraries/decorations\pgflibrarydecorations.pathreplacing.code.tex))
\pgfplots@numplots=\count502
\pgfplots@xmin@reg=\dimen287
\pgfplots@xmax@reg=\dimen288
\pgfplots@ymin@reg=\dimen289
\pgfplots@ymax@reg=\dimen290
\pgfplots@zmin@reg=\dimen291
\pgfplots@zmax@reg=\dimen292
) (D:\Programmi\MiKTeX\tex/generic/pgf/frontendlayer/tikz/libraries\tikzlibraryplotmarks.code.tex
File: tikzlibraryplotmarks.code.tex 2020/12/01 v3.1.7a (3.1.7a)
 (D:\Programmi\MiKTeX\tex/generic/pgf/libraries\pgflibraryplotmarks.code.tex
File: pgflibraryplotmarks.code.tex 2020/12/01 v3.1.7a (3.1.7a)
))) (D:\Programmi\MiKTeX\tex/latex/caption\subcaption.sty
Package: subcaption 2020/10/07 v1.3j Sub-captions (AR)
 (D:\Programmi\MiKTeX\tex/latex/caption\caption.sty
Package: caption 2020/10/26 v3.5g Customizing captions (AR)
 (D:\Programmi\MiKTeX\tex/latex/caption\caption3.sty
Package: caption3 2020/10/21 v2.2e caption3 kernel (AR)
\captionmargin=\dimen293
\captionmargin@=\dimen294
\captionwidth=\dimen295
\caption@tempdima=\dimen296
\caption@indent=\dimen297
\caption@parindent=\dimen298
\caption@hangindent=\dimen299
Package caption Info: Standard document class detected.
)
\c@caption@flags=\count503
\c@continuedfloat=\count504
Package caption Info: changepage package is loaded.
\caption@adjustwidth@hsize=\dimen300
\caption@adjustwidth@linewidth=\dimen301
Package caption Info: hyperref package is loaded.
)
\c@subfigure=\count505
\c@subtable=\count506
) (D:\Programmi\MiKTeX\tex/latex/float\float.sty
Package: float 2001/11/08 v1.3d Float enhancements (AL)
\c@float@type=\count507
\float@exts=\toks43
\float@box=\box109
\@float@everytoks=\toks44
\@floatcapt=\box110
) (D:\Programmi\MiKTeX\tex/latex/gnuplottex\gnuplottex.sty
Package: gnuplottex 2020/03/19 v0.9.5 gnuplot graphs in LaTeX
 (D:\Programmi\MiKTeX\tex/latex/moreverb\moreverb.sty
Package: moreverb 2008/06/03 v2.3a `more' verbatim facilities
 (D:\Programmi\MiKTeX\tex/latex/tools\verbatim.sty
Package: verbatim 2019/11/10 v1.5r LaTeX2e package for verbatim enhancements
\every@verbatim=\toks45
\verbatim@line=\toks46
\verbatim@in@stream=\read5
)
\tab@position=\count508
\tab@size=\count509
\listing@line=\count510
) (D:\Programmi\MiKTeX\tex/generic/catchfile\catchfile.sty
Package: catchfile 2019/12/09 v1.8 Catch the contents of a file (HO)
)
\verbatim@out=\write5
runsystem(touch w18-test-202123951.tex)...disabled (restricted).

runsystem(rm -f w18-test-202123951.tex)...disabled (restricted).

runsystem(rm -f "main.gnuploterrors")...disabled (restricted).



Package gnuplottex Warning: Shell escape not enabled.
(gnuplottex)                You'll need to convert the graphs yourself.

\c@fignum=\count511
) (D:\Programmi\MiKTeX\tex/latex/mwe\mwe.sty
Package: mwe 2018/03/30 v0.5 Package to support minimal working examples (MWE)
 (D:\Programmi\MiKTeX\tex/latex/lipsum\lipsum.sty
Package: lipsum 2019/01/02 v2.2 150 paragraphs of Lorem Ipsum dummy text
 (D:\Programmi\MiKTeX\tex/latex/lipsum\lipsum.ltd.tex
File: lipsum.ltd.tex 2019/01/02 v2.2 The Lorem ipsum dummy text
)) (D:\Programmi\MiKTeX\tex/latex/blindtext\blindtext.sty
Package: blindtext 2012/01/06 V2.0 blindtext-Package
 (D:\Programmi\MiKTeX\tex/latex/tools\xspace.sty
Package: xspace 2014/10/28 v1.13 Space after command names (DPC,MH)
)
\c@blindtext=\count512
\c@Blindtext=\count513
\c@blind@countparstart=\count514
\blind@countxx=\count515
\blindtext@numBlindtext=\count516
\blind@countyy=\count517
\c@blindlist=\count518
\c@blindlistlevel=\count519
\c@blindlist@level=\count520
\blind@listitem=\count521
\c@blind@listcount=\count522
\c@blind@levelcount=\count523
\blind@mathformula=\count524
\blind@Mathformula=\count525
\c@blind@randomcount=\count526
\c@blind@randommax=\count527
\c@blind@pangramcount=\count528
\c@blind@pangrammax=\count529
)) (D:\Programmi\MiKTeX\tex/latex/booktabs\booktabs.sty
Package: booktabs 2020/01/12 v1.61803398 Publication quality tables
\heavyrulewidth=\dimen302
\lightrulewidth=\dimen303
\cmidrulewidth=\dimen304
\belowrulesep=\dimen305
\belowbottomsep=\dimen306
\aboverulesep=\dimen307
\abovetopsep=\dimen308
\cmidrulesep=\dimen309
\cmidrulekern=\dimen310
\defaultaddspace=\dimen311
\@cmidla=\count530
\@cmidlb=\count531
\@aboverulesep=\dimen312
\@belowrulesep=\dimen313
\@thisruleclass=\count532
\@lastruleclass=\count533
\@thisrulewidth=\dimen314
) (D:\Programmi\MiKTeX\tex/latex/listings\listings.sty
\lst@mode=\count534
\lst@gtempboxa=\box111
\lst@token=\toks47
\lst@length=\count535
\lst@currlwidth=\dimen315
\lst@column=\count536
\lst@pos=\count537
\lst@lostspace=\dimen316
\lst@width=\dimen317
\lst@newlines=\count538
\lst@lineno=\count539
\lst@maxwidth=\dimen318
 (D:\Programmi\MiKTeX\tex/latex/listings\lstmisc.sty
File: lstmisc.sty 2020/03/24 1.8d (Carsten Heinz)
\c@lstnumber=\count540
\lst@skipnumbers=\count541
\lst@framebox=\box112
) (D:\Programmi\MiKTeX\tex/latex/listings\listings.cfg
File: listings.cfg 2020/03/24 1.8d listings configuration
))
Package: listings 2020/03/24 1.8d (Carsten Heinz)
 (D:\Programmi\MiKTeX\tex/latex/listings\lstlang1.sty
File: lstlang1.sty 2020/03/24 1.8d listings language file
))
Package csquotes Info: Checking for multilingual support...
Package csquotes Info: ... found 'babel' package.
Package csquotes Info: Adjusting default style.
Package csquotes Info: Redefining alias 'default' -> 'english'.
LaTeX Font Info:    Trying to load font information for T1+lmr on input line 4.
 (D:\Programmi\MiKTeX\tex/latex/lm\t1lmr.fd
File: t1lmr.fd 2009/10/30 v1.6 Font defs for Latin Modern
) (c:/Users\win10\git\DLNN2020\Homework2\report\main.aux)
\openout1 = `main.aux'.

LaTeX Font Info:    Checking defaults for OML/cmm/m/it on input line 4.
LaTeX Font Info:    ... okay on input line 4.
LaTeX Font Info:    Checking defaults for OMS/cmsy/m/n on input line 4.
LaTeX Font Info:    ... okay on input line 4.
LaTeX Font Info:    Checking defaults for OT1/cmr/m/n on input line 4.
LaTeX Font Info:    ... okay on input line 4.
LaTeX Font Info:    Checking defaults for T1/cmr/m/n on input line 4.
LaTeX Font Info:    ... okay on input line 4.
LaTeX Font Info:    Checking defaults for TS1/cmr/m/n on input line 4.
LaTeX Font Info:    ... okay on input line 4.
LaTeX Font Info:    Checking defaults for OMX/cmex/m/n on input line 4.
LaTeX Font Info:    ... okay on input line 4.
LaTeX Font Info:    Checking defaults for U/cmr/m/n on input line 4.
LaTeX Font Info:    ... okay on input line 4.
LaTeX Font Info:    Checking defaults for PD1/pdf/m/n on input line 4.
LaTeX Font Info:    ... okay on input line 4.


Package hyperref Warning: Height of page (\stockheight) is invalid (0.0pt),
(hyperref)                using 11in.

Package hyperref Info: Link coloring OFF on input line 4.
(D:\Programmi\MiKTeX\tex/latex/hyperref\nameref.sty
Package: nameref 2019/09/16 v2.46 Cross-referencing by name of section
 (D:\Programmi\MiKTeX\tex/latex/refcount\refcount.sty
Package: refcount 2019/12/15 v3.6 Data extraction from label references (HO)
) (D:\Programmi\MiKTeX\tex/generic/gettitlestring\gettitlestring.sty
Package: gettitlestring 2019/12/15 v1.6 Cleanup title references (HO)
)
\c@section@level=\count542
)
LaTeX Info: Redefining \ref on input line 4.
LaTeX Info: Redefining \pageref on input line 4.
LaTeX Info: Redefining \nameref on input line 4.
 (c:/Users\win10\git\DLNN2020\Homework2\report\main.out) (c:/Users\win10\git\DLNN2020\Homework2\report\main.out)
\@outlinefile=\write6
\openout6 = `main.out'.



Package layouts Warning: Layout scale set to 0.5 on input line 4.

LaTeX Info: Redefining \microtypecontext on input line 4.
Package microtype Info: Generating PDF output.
Package microtype Info: Character protrusion enabled (level 2).
Package microtype Info: Using default protrusion set `alltext'.
Package microtype Info: Automatic font expansion enabled (level 2),
(microtype)             stretch: 20, shrink: 20, step: 1, non-selected.
Package microtype Info: Using default expansion set `alltext-nott'.
LaTeX Info: Redefining \showhyphens on input line 4.
Package microtype Info: No adjustment of tracking.
Package microtype Info: No adjustment of interword spacing.
Package microtype Info: No adjustment of character kerning.
(D:\Programmi\MiKTeX\tex/latex/microtype\mt-cmr.cfg
File: mt-cmr.cfg 2013/05/19 v2.2 microtype config. file: Computer Modern Roman (RS)
)
*geometry* driver: auto-detecting
*geometry* detected driver: pdftex
*geometry* verbose mode - [ preamble ] result:
* driver: pdftex
* paper: a4paper
* layout: <same size as paper>
* layoutoffset:(h,v)=(0.0pt,0.0pt)
* modes: 
* h-part:(L,W,R)=(85.35826pt, 426.79134pt, 85.35828pt)
* v-part:(T,H,B)=(85.35826pt, 674.33032pt, 85.35826pt)
* \paperwidth=597.50787pt
* \paperheight=845.04684pt
* \textwidth=426.79134pt
* \textheight=674.33032pt
* \oddsidemargin=13.08827pt
* \evensidemargin=13.08827pt
* \topmargin=-23.91173pt
* \headheight=12.0pt
* \headsep=25.0pt
* \topskip=10.0pt
* \footskip=30.0pt
* \marginparwidth=65.0pt
* \marginparsep=11.0pt
* \columnsep=28.45274pt
* \skip\footins=9.0pt plus 4.0pt minus 2.0pt
* \hoffset=0.0pt
* \voffset=0.0pt
* \mag=1000
* \@twocolumnfalse
* \@twosidefalse
* \@mparswitchfalse
* \@reversemarginfalse
* (1in=72.27pt=25.4mm, 1cm=28.453pt)

Package biblatex Info: Trying to load language 'english'...
Package biblatex Info: ... file 'english.lbx' found.
(D:\Programmi\MiKTeX\tex/latex/biblatex/lbx\english.lbx
File: english.lbx 2020/08/23 v3.15a biblatex localization (PK/MW)
)
Package biblatex Info: Input encoding 'utf8' detected.
Package biblatex Info: Automatic encoding selection.
(biblatex)             Assuming data encoding 'utf8'.
\openout3 = `main.bcf'.

Package biblatex Info: Trying to load bibliographic data...
Package biblatex Info: ... file 'main.bbl' found.
 (c:/Users\win10\git\DLNN2020\Homework2\report\main.bbl)
Package biblatex Info: Reference section=0 on input line 4.
Package biblatex Info: Reference segment=0 on input line 4.
 (D:\Programmi\MiKTeX\tex/context/base/mkii\supp-pdf.mkii
[Loading MPS to PDF converter (version 2006.09.02).]
\scratchcounter=\count543
\scratchdimen=\dimen319
\scratchbox=\box113
\nofMPsegments=\count544
\nofMParguments=\count545
\everyMPshowfont=\toks48
\MPscratchCnt=\count546
\MPscratchDim=\dimen320
\MPnumerator=\count547
\makeMPintoPDFobject=\count548
\everyMPtoPDFconversion=\toks49
) (D:\Programmi\MiKTeX\tex/latex/epstopdf-pkg\epstopdf-base.sty
Package: epstopdf-base 2020-01-24 v2.11 Base part for package epstopdf
Package epstopdf-base Info: Redefining graphics rule for `.eps' on input line 485.
)
Package pgfplots notification 'compat/show suggested version=true': you might benefit from \pgfplotsset{compat=1.17} (current compat level: 1.16).

Package caption Info: Begin \AtBeginDocument code.
Package caption Info: float package is loaded.
Package caption Info: listings package is loaded.
Package caption Info: End \AtBeginDocument code.
\c@lstlisting=\count549
Package microtype Info: Character `029' is missing
(microtype)             in font `T1/lmr/m/sc/14.4'.
(microtype)             Ignoring protrusion settings for this character.
(c:/Users\win10\git\DLNN2020\Homework2\report\Sections/abstract.tex) (c:/Users\win10\git\DLNN2020\Homework2\report\Sections/intro.tex
LaTeX Font Info:    Trying to load font information for OT1+lmr on input line 2.
 (D:\Programmi\MiKTeX\tex/latex/lm\ot1lmr.fd
File: ot1lmr.fd 2009/10/30 v1.6 Font defs for Latin Modern
)
LaTeX Font Info:    Trying to load font information for OML+lmm on input line 2.
 (D:\Programmi\MiKTeX\tex/latex/lm\omllmm.fd
File: omllmm.fd 2009/10/30 v1.6 Font defs for Latin Modern
)
LaTeX Font Info:    Trying to load font information for OMS+lmsy on input line 2.
 (D:\Programmi\MiKTeX\tex/latex/lm\omslmsy.fd
File: omslmsy.fd 2009/10/30 v1.6 Font defs for Latin Modern
)
LaTeX Font Info:    Trying to load font information for OMX+lmex on input line 2.
 (D:\Programmi\MiKTeX\tex/latex/lm\omxlmex.fd
File: omxlmex.fd 2009/10/30 v1.6 Font defs for Latin Modern
)
LaTeX Font Info:    External font `lmex10' loaded for size
(Font)              <10> on input line 2.
LaTeX Font Info:    External font `lmex10' loaded for size
(Font)              <7> on input line 2.
LaTeX Font Info:    External font `lmex10' loaded for size
(Font)              <5> on input line 2.
LaTeX Font Info:    Trying to load font information for U+msa on input line 2.
 (D:\Programmi\MiKTeX\tex/latex/amsfonts\umsa.fd
File: umsa.fd 2013/01/14 v3.01 AMS symbols A
) (D:\Programmi\MiKTeX\tex/latex/microtype\mt-msa.cfg
File: mt-msa.cfg 2006/02/04 v1.1 microtype config. file: AMS symbols (a) (RS)
)
LaTeX Font Info:    Trying to load font information for U+msb on input line 2.
 (D:\Programmi\MiKTeX\tex/latex/amsfonts\umsb.fd
File: umsb.fd 2013/01/14 v3.01 AMS symbols B
) (D:\Programmi\MiKTeX\tex/latex/microtype\mt-msb.cfg
File: mt-msb.cfg 2005/06/01 v1.0 microtype config. file: AMS symbols (b) (RS)
)) (c:/Users\win10\git\DLNN2020\Homework2\report\Sections/Autoencoder.tex
LaTeX Font Info:    Trying to load font information for TS1+lmr on input line 5.
 (D:\Programmi\MiKTeX\tex/latex/lm\ts1lmr.fd
File: ts1lmr.fd 2009/10/30 v1.6 Font defs for Latin Modern
)
<Images/Encoder.png, id=77, 1493.58pt x 575.14874pt>
File: Images/Encoder.png Graphic file (type png)
<use Images/Encoder.png>
Package pdftex.def Info: Images/Encoder.png  used on input line 15.
(pdftex.def)             Requested size: 200.75998pt x 77.30823pt.
<Images/Decoder.png, id=79, 1630.09pt x 610.28pt>
File: Images/Decoder.png Graphic file (type png)
<use Images/Decoder.png>
Package pdftex.def Info: Images/Decoder.png  used on input line 21.
(pdftex.def)             Requested size: 200.75998pt x 75.15804pt.
LaTeX Font Info:    Trying to load font information for T1+lmtt on input line 28.
 (D:\Programmi\MiKTeX\tex/latex/lm\t1lmtt.fd
File: t1lmtt.fd 2009/10/30 v1.6 Font defs for Latin Modern
)
Package microtype Info: Loading generic protrusion settings for font family
(microtype)             `lmtt' (encoding: T1).
(microtype)             For optimal results, create family-specific settings.
(microtype)             See the microtype manual for details.


LaTeX Warning: `h' float specifier changed to `ht'.

[1{C:/Users/win10/AppData/Local/MiKTeX/pdftex/config/pdftex.map}

]) (c:/Users\win10\git\DLNN2020\Homework2\report\Sections/Denoiser.tex [2 <c:/Users/win10/git/DLNN2020/Homework2/report/Images/Encoder.png> <c:/Users/win10/git/DLNN2020/Homework2/report/Images/Decoder.png>]
<Images/noise.png, id=129, 717.68124pt x 416.55624pt>
File: Images/noise.png Graphic file (type png)
<use Images/noise.png>
Package pdftex.def Info: Images/noise.png  used on input line 15.
(pdftex.def)             Requested size: 341.43436pt x 198.17772pt.
) (c:/Users\win10\git\DLNN2020\Homework2\report\Sections/FineTuner.tex) [3 <c:/Users/win10/git/DLNN2020/Homework2/report/Images/noise.png>] (c:/Users\win10\git\DLNN2020\Homework2\report\Sections/VAE.tex
<Images/shift6-3.png, id=138, 884.30376pt x 251.94125pt>
File: Images/shift6-3.png Graphic file (type png)
<use Images/shift6-3.png>
Package pdftex.def Info: Images/shift6-3.png  used on input line 30.
(pdftex.def)             Requested size: 341.43436pt x 97.27638pt.


LaTeX Warning: `h' float specifier changed to `ht'.

) (c:/Users\win10\git\DLNN2020\Homework2\report\Sections/EncSpace.tex [4])
Overfull \hbox (14.16527pt too wide) in paragraph at lines 51--51
[]\T1/lmr/m/n/10 (-20) WA Fal-con.   Py-Torch Light-ning. In: \T1/lmr/m/it/10 (-20) GitHub. Note: https://github.com/PyTorchLightning/pytorch-
 []

[5 <c:/Users/win10/git/DLNN2020/Homework2/report/Images/shift6-3.png>] [6] (c:/Users\win10\git\DLNN2020\Homework2\report\Sections/appendix.tex
<Images/Optimization.png, id=176, 986.68625pt x 526.96875pt>
File: Images/Optimization.png Graphic file (type png)
<use Images/Optimization.png>
Package pdftex.def Info: Images/Optimization.png  used on input line 4.
(pdftex.def)             Requested size: 341.43436pt x 182.35118pt.
<Images/Losses.png, id=177, 986.68625pt x 526.96875pt>
File: Images/Losses.png Graphic file (type png)
<use Images/Losses.png>
Package pdftex.def Info: Images/Losses.png  used on input line 12.
(pdftex.def)             Requested size: 341.43436pt x 182.35118pt.
<Images/Hyperparams.png, id=178, 986.68625pt x 526.96875pt>
File: Images/Hyperparams.png Graphic file (type png)
<use Images/Hyperparams.png>
Package pdftex.def Info: Images/Hyperparams.png  used on input line 20.
(pdftex.def)             Requested size: 341.43436pt x 182.35118pt.


LaTeX Warning: `h' float specifier changed to `ht'.

<Images/reconstr_im.png, id=179, 578.16pt x 356.33125pt>
File: Images/reconstr_im.png Graphic file (type png)
<use Images/reconstr_im.png>
Package pdftex.def Info: Images/reconstr_im.png  used on input line 29.
(pdftex.def)             Requested size: 256.0774pt x 157.82472pt.

LaTeX Warning: `h' float specifier changed to `ht'.

<Images/autoenc_PCA.png, id=180, 986.68625pt x 526.96875pt>
File: Images/autoenc_PCA.png Graphic file (type png)
<use Images/autoenc_PCA.png>
Package pdftex.def Info: Images/autoenc_PCA.png  used on input line 36.
(pdftex.def)             Requested size: 341.43436pt x 182.35118pt.

LaTeX Warning: `h' float specifier changed to `ht'.

<Images/autoenc_tsne.png, id=181, 986.68625pt x 526.96875pt>
File: Images/autoenc_tsne.png Graphic file (type png)
<use Images/autoenc_tsne.png>
Package pdftex.def Info: Images/autoenc_tsne.png  used on input line 43.
(pdftex.def)             Requested size: 341.43436pt x 182.35118pt.

LaTeX Warning: `h' float specifier changed to `ht'.

<Images/autoenc.png, id=182, 899.36pt x 390.45876pt>
File: Images/autoenc.png Graphic file (type png)
<use Images/autoenc.png>
Package pdftex.def Info: Images/autoenc.png  used on input line 50.
(pdftex.def)             Requested size: 341.43436pt x 148.23286pt.

LaTeX Warning: `h' float specifier changed to `ht'.

<Images/VAE_PCA.png, id=183, 986.68625pt x 526.96875pt>
File: Images/VAE_PCA.png Graphic file (type png)
<use Images/VAE_PCA.png>
Package pdftex.def Info: Images/VAE_PCA.png  used on input line 58.
(pdftex.def)             Requested size: 341.43436pt x 182.35118pt.

LaTeX Warning: `h' float specifier changed to `ht'.

<Images/VAE_tsne.png, id=184, 986.68625pt x 526.96875pt>
File: Images/VAE_tsne.png Graphic file (type png)
<use Images/VAE_tsne.png>
Package pdftex.def Info: Images/VAE_tsne.png  used on input line 65.
(pdftex.def)             Requested size: 341.43436pt x 182.35118pt.

LaTeX Warning: `h' float specifier changed to `ht'.

<Images/VAE.png, id=185, 899.36pt x 390.45876pt>
File: Images/VAE.png Graphic file (type png)
<use Images/VAE.png>
Package pdftex.def Info: Images/VAE.png  used on input line 72.
(pdftex.def)             Requested size: 341.43436pt x 148.23286pt.

LaTeX Warning: `h' float specifier changed to `ht'.

<Images/autoenc_generated.png, id=186, 570.13pt x 208.78pt>
File: Images/autoenc_generated.png Graphic file (type png)
<use Images/autoenc_generated.png>
Package pdftex.def Info: Images/autoenc_generated.png  used on input line 82.
(pdftex.def)             Requested size: 200.75998pt x 73.51689pt.
<Images/vae_generated.png, id=187, 570.13pt x 208.78pt>
File: Images/vae_generated.png Graphic file (type png)
<use Images/vae_generated.png>
Package pdftex.def Info: Images/vae_generated.png  used on input line 88.
(pdftex.def)             Requested size: 200.75998pt x 73.51689pt.

LaTeX Warning: `h' float specifier changed to `ht'.

) [7 <c:/Users/win10/git/DLNN2020/Homework2/report/Images/Optimization.png> <c:/Users/win10/git/DLNN2020/Homework2/report/Images/Losses.png>] [8 <c:/Users/win10/git/DLNN2020/Homework2/report/Images/Hyperparams.png> <c:/Users/win10/git/DLNN2020/Homework2/report/Images/reconstr_im.png> <c:/Users/win10/git/DLNN2020/Homework2/report/Images/autoenc_PCA.png>] [9 <c:/Users/win10/git/DLNN2020/Homework2/report/Images/autoenc_tsne.png> <c:/Users/win10/git/DLNN2020/Homework2/report/Images/autoenc.png> <c:/Users/win10/git/DLNN2020/Homework2/report/Images/VAE_PCA.png>] [10 <c:/Users/win10/git/DLNN2020/Homework2/report/Images/VAE_tsne.png> <c:/Users/win10/git/DLNN2020/Homework2/report/Images/VAE.png> <c:/Users/win10/git/DLNN2020/Homework2/report/Images/autoenc_generated.png> <c:/Users/win10/git/DLNN2020/Homework2/report/Images/vae_generated.png>] (c:/Users\win10\git\DLNN2020\Homework2\report\main.aux)
Package rerunfilecheck Info: File `main.out' has not changed.
(rerunfilecheck)             Checksum: F92A410008D2D618E4724A33C5DBC29B;915.
Package logreq Info: Writing requests to 'main.run.xml'.
\openout1 = `main.run.xml'.

 ) 
Here is how much of TeX's memory you used:
 42390 strings out of 479697
 922961 string characters out of 2878933
 1903118 words of memory out of 3000000
 58564 multiletter control sequences out of 15000+200000
 454090 words of font info for 121 fonts, out of 3000000 for 9000
 1141 hyphenation exceptions out of 8191
 98i,11n,100p,795b,1659s stack positions out of 5000i,500n,10000p,200000b,50000s
{D:/Programmi/MiKTeX/fonts/enc/dvips/lm/lm-ec.enc}{D:/Programmi/MiKTeX/fonts/enc/dvips/lm/lm-mathsy.enc}{D:/Programmi/MiKTeX/fonts/enc/dvips/lm/lm-mathex.enc}{D:/Programmi/MiKTeX/fonts/enc/dvips/lm/lm-ts1.enc}{D:/Programmi/MiKTeX/fonts/enc/dvips/lm/lm-rm.enc}{D:/Programmi/MiKTeX/fonts/enc/dvips/lm/lm-mathit.enc}<D:/Programmi/MiKTeX/fonts/type1/public/lm/lmbx10.pfb><D:/Programmi/MiKTeX/fonts/type1/public/lm/lmbx12.pfb><D:/Programmi/MiKTeX/fonts/type1/public/lm/lmcsc10.pfb><D:/Programmi/MiKTeX/fonts/type1/public/lm/lmex10.pfb><D:/Programmi/MiKTeX/fonts/type1/public/lm/lmmi10.pfb><D:/Programmi/MiKTeX/fonts/type1/public/lm/lmmi7.pfb><D:/Programmi/MiKTeX/fonts/type1/public/lm/lmr10.pfb><D:/Programmi/MiKTeX/fonts/type1/public/lm/lmr7.pfb><D:/Programmi/MiKTeX/fonts/type1/public/lm/lmri10.pfb><D:/Programmi/MiKTeX/fonts/type1/public/lm/lmsy10.pfb><D:/Programmi/MiKTeX/fonts/type1/public/lm/lmsy7.pfb><D:/Programmi/MiKTeX/fonts/type1/public/lm/lmtt8.pfb><D:/Programmi/MiKTeX/fonts/type1/public/amsfonts/symbols/msbm10.pfb>
Output written on c:/Users\win10\git\DLNN2020\Homework2\report\main.pdf (10 pages, 1927557 bytes).
PDF statistics:
 281 PDF objects out of 1000 (max. 8388607)
 57 named destinations out of 1000 (max. 500000)
 29925 words of extra memory for PDF output out of 35830 (max. 10000000)

